Analysis & Synthesis report for Pac-man
Sun Apr 26 23:18:11 2020
Quartus Prime Version 18.1.0 Build 625 09/12/2018 SJ Lite Edition


---------------------
; Table of Contents ;
---------------------
  1. Legal Notice
  2. Analysis & Synthesis Summary
  3. Analysis & Synthesis Settings
  4. Parallel Compilation
  5. Analysis & Synthesis Messages
  6. Analysis & Synthesis Suppressed Messages



----------------
; Legal Notice ;
----------------
Copyright (C) 2018  Intel Corporation. All rights reserved.
Your use of Intel Corporation's design tools, logic functions 
and other software and tools, and its AMPP partner logic 
functions, and any output files from any of the foregoing 
(including device programming or simulation files), and any 
associated documentation or information are expressly subject 
to the terms and conditions of the Intel Program License 
Subscription Agreement, the Intel Quartus Prime License Agreement,
the Intel FPGA IP License Agreement, or other applicable license
agreement, including, without limitation, that your use is for
the sole purpose of programming logic devices manufactured by
Intel and sold by Intel or its authorized distributors.  Please
refer to the applicable agreement for further details.



+----------------------------------------------------------------------------------+
; Analysis & Synthesis Summary                                                     ;
+------------------------------------+---------------------------------------------+
; Analysis & Synthesis Status        ; Failed - Sun Apr 26 23:18:11 2020           ;
; Quartus Prime Version              ; 18.1.0 Build 625 09/12/2018 SJ Lite Edition ;
; Revision Name                      ; Pac-man                                     ;
; Top-level Entity Name              ; Pac-man                                     ;
; Family                             ; Cyclone IV E                                ;
; Total logic elements               ; N/A until Partition Merge                   ;
;     Total combinational functions  ; N/A until Partition Merge                   ;
;     Dedicated logic registers      ; N/A until Partition Merge                   ;
; Total registers                    ; N/A until Partition Merge                   ;
; Total pins                         ; N/A until Partition Merge                   ;
; Total virtual pins                 ; N/A until Partition Merge                   ;
; Total memory bits                  ; N/A until Partition Merge                   ;
; Embedded Multiplier 9-bit elements ; N/A until Partition Merge                   ;
; Total PLLs                         ; N/A until Partition Merge                   ;
+------------------------------------+---------------------------------------------+


+------------------------------------------------------------------------------------------------------------+
; Analysis & Synthesis Settings                                                                              ;
+------------------------------------------------------------------+--------------------+--------------------+
; Option                                                           ; Setting            ; Default Value      ;
+------------------------------------------------------------------+--------------------+--------------------+
; Device                                                           ; EP4CE115F29C7      ;                    ;
; Top-level entity name                                            ; Pac-man            ; Pac-man            ;
; Family name                                                      ; Cyclone IV E       ; Cyclone V          ;
; Use smart compilation                                            ; Off                ; Off                ;
; Enable parallel Assembler and Timing Analyzer during compilation ; On                 ; On                 ;
; Enable compact report table                                      ; Off                ; Off                ;
; Restructure Multiplexers                                         ; Auto               ; Auto               ;
; Create Debugging Nodes for IP Cores                              ; Off                ; Off                ;
; Preserve fewer node names                                        ; On                 ; On                 ;
; Intel FPGA IP Evaluation Mode                                    ; Enable             ; Enable             ;
; Verilog Version                                                  ; Verilog_2001       ; Verilog_2001       ;
; VHDL Version                                                     ; VHDL_1993          ; VHDL_1993          ;
; State Machine Processing                                         ; Auto               ; Auto               ;
; Safe State Machine                                               ; Off                ; Off                ;
; Extract Verilog State Machines                                   ; On                 ; On                 ;
; Extract VHDL State Machines                                      ; On                 ; On                 ;
; Ignore Verilog initial constructs                                ; Off                ; Off                ;
; Iteration limit for constant Verilog loops                       ; 5000               ; 5000               ;
; Iteration limit for non-constant Verilog loops                   ; 250                ; 250                ;
; Add Pass-Through Logic to Inferred RAMs                          ; On                 ; On                 ;
; Infer RAMs from Raw Logic                                        ; On                 ; On                 ;
; Parallel Synthesis                                               ; On                 ; On                 ;
; DSP Block Balancing                                              ; Auto               ; Auto               ;
; NOT Gate Push-Back                                               ; On                 ; On                 ;
; Power-Up Don't Care                                              ; On                 ; On                 ;
; Remove Redundant Logic Cells                                     ; Off                ; Off                ;
; Remove Duplicate Registers                                       ; On                 ; On                 ;
; Ignore CARRY Buffers                                             ; Off                ; Off                ;
; Ignore CASCADE Buffers                                           ; Off                ; Off                ;
; Ignore GLOBAL Buffers                                            ; Off                ; Off                ;
; Ignore ROW GLOBAL Buffers                                        ; Off                ; Off                ;
; Ignore LCELL Buffers                                             ; Off                ; Off                ;
; Ignore SOFT Buffers                                              ; On                 ; On                 ;
; Limit AHDL Integers to 32 Bits                                   ; Off                ; Off                ;
; Optimization Technique                                           ; Balanced           ; Balanced           ;
; Carry Chain Length                                               ; 70                 ; 70                 ;
; Auto Carry Chains                                                ; On                 ; On                 ;
; Auto Open-Drain Pins                                             ; On                 ; On                 ;
; Perform WYSIWYG Primitive Resynthesis                            ; Off                ; Off                ;
; Auto ROM Replacement                                             ; On                 ; On                 ;
; Auto RAM Replacement                                             ; On                 ; On                 ;
; Auto DSP Block Replacement                                       ; On                 ; On                 ;
; Auto Shift Register Replacement                                  ; Auto               ; Auto               ;
; Allow Shift Register Merging across Hierarchies                  ; Auto               ; Auto               ;
; Auto Clock Enable Replacement                                    ; On                 ; On                 ;
; Strict RAM Replacement                                           ; Off                ; Off                ;
; Allow Synchronous Control Signals                                ; On                 ; On                 ;
; Force Use of Synchronous Clear Signals                           ; Off                ; Off                ;
; Auto RAM Block Balancing                                         ; On                 ; On                 ;
; Auto RAM to Logic Cell Conversion                                ; Off                ; Off                ;
; Auto Resource Sharing                                            ; Off                ; Off                ;
; Allow Any RAM Size For Recognition                               ; Off                ; Off                ;
; Allow Any ROM Size For Recognition                               ; Off                ; Off                ;
; Allow Any Shift Register Size For Recognition                    ; Off                ; Off                ;
; Use LogicLock Constraints during Resource Balancing              ; On                 ; On                 ;
; Ignore translate_off and synthesis_off directives                ; Off                ; Off                ;
; Timing-Driven Synthesis                                          ; On                 ; On                 ;
; Report Parameter Settings                                        ; On                 ; On                 ;
; Report Source Assignments                                        ; On                 ; On                 ;
; Report Connectivity Checks                                       ; On                 ; On                 ;
; Ignore Maximum Fan-Out Assignments                               ; Off                ; Off                ;
; Synchronization Register Chain Length                            ; 2                  ; 2                  ;
; Power Optimization During Synthesis                              ; Normal compilation ; Normal compilation ;
; HDL message level                                                ; Level2             ; Level2             ;
; Suppress Register Optimization Related Messages                  ; Off                ; Off                ;
; Number of Removed Registers Reported in Synthesis Report         ; 5000               ; 5000               ;
; Number of Swept Nodes Reported in Synthesis Report               ; 5000               ; 5000               ;
; Number of Inverted Registers Reported in Synthesis Report        ; 100                ; 100                ;
; Clock MUX Protection                                             ; On                 ; On                 ;
; Auto Gated Clock Conversion                                      ; Off                ; Off                ;
; Block Design Naming                                              ; Auto               ; Auto               ;
; SDC constraint protection                                        ; Off                ; Off                ;
; Synthesis Effort                                                 ; Auto               ; Auto               ;
; Shift Register Replacement - Allow Asynchronous Clear Signal     ; On                 ; On                 ;
; Pre-Mapping Resynthesis Optimization                             ; Off                ; Off                ;
; Analysis & Synthesis Message Level                               ; Medium             ; Medium             ;
; Disable Register Merging Across Hierarchies                      ; Auto               ; Auto               ;
; Resource Aware Inference For Block RAM                           ; On                 ; On                 ;
+------------------------------------------------------------------+--------------------+--------------------+


+------------------------------------------+
; Parallel Compilation                     ;
+----------------------------+-------------+
; Processors                 ; Number      ;
+----------------------------+-------------+
; Number detected on machine ; 4           ;
; Maximum allowed            ; 2           ;
;                            ;             ;
; Average used               ; 1.00        ;
; Maximum used               ; 1           ;
;                            ;             ;
; Usage by Processor         ; % Time Used ;
;     Processor 1            ; 100.0%      ;
+----------------------------+-------------+


+-------------------------------+
; Analysis & Synthesis Messages ;
+-------------------------------+
Info: *******************************************************************
Info: Running Quartus Prime Analysis & Synthesis
    Info: Version 18.1.0 Build 625 09/12/2018 SJ Lite Edition
    Info: Processing started: Sun Apr 26 23:16:57 2020
Info: Command: quartus_map --read_settings_files=on --write_settings_files=off Pac-man -c Pac-man
Warning (18236): Number of processors has not been specified which may cause overloading on shared machines.  Set the global assignment NUM_PARALLEL_PROCESSORS in your QSF to an appropriate value for best performance.
Info (20030): Parallel compilation is enabled and will use 2 of the 2 processors detected
Info (12248): Elaborating Platform Designer system entity "pacman.qsys"
Info (12250): 2020.04.26.23:17:17 Progress: Loading Pac-man/pacman.qsys
Info (12250): 2020.04.26.23:17:18 Progress: Reading input file
Info (12250): 2020.04.26.23:17:18 Progress: Adding accumulator [altera_avalon_pio 18.1]
Info (12250): 2020.04.26.23:17:19 Progress: Parameterizing module accumulator
Info (12250): 2020.04.26.23:17:19 Progress: Adding accumulator_reset [altera_avalon_pio 18.1]
Info (12250): 2020.04.26.23:17:19 Progress: Parameterizing module accumulator_reset
Info (12250): 2020.04.26.23:17:19 Progress: Adding clk_0 [clock_source 18.1]
Info (12250): 2020.04.26.23:17:20 Progress: Parameterizing module clk_0
Info (12250): 2020.04.26.23:17:20 Progress: Adding jtag_uart_0 [altera_avalon_jtag_uart 18.1]
Info (12250): 2020.04.26.23:17:20 Progress: Parameterizing module jtag_uart_0
Info (12250): 2020.04.26.23:17:20 Progress: Adding keycode [altera_avalon_pio 18.1]
Info (12250): 2020.04.26.23:17:20 Progress: Parameterizing module keycode
Info (12250): 2020.04.26.23:17:20 Progress: Adding nios2_gen2_0 [altera_nios2_gen2 18.1]
Info (12250): 2020.04.26.23:17:20 Progress: Parameterizing module nios2_gen2_0
Info (12250): 2020.04.26.23:17:20 Progress: Adding onchip_memory2_0 [altera_avalon_onchip_memory2 18.1]
Info (12250): 2020.04.26.23:17:20 Progress: Parameterizing module onchip_memory2_0
Info (12250): 2020.04.26.23:17:20 Progress: Adding otg_hpi_address [altera_avalon_pio 18.1]
Info (12250): 2020.04.26.23:17:20 Progress: Parameterizing module otg_hpi_address
Info (12250): 2020.04.26.23:17:20 Progress: Adding otg_hpi_cs [altera_avalon_pio 18.1]
Info (12250): 2020.04.26.23:17:20 Progress: Parameterizing module otg_hpi_cs
Info (12250): 2020.04.26.23:17:20 Progress: Adding otg_hpi_data [altera_avalon_pio 18.1]
Info (12250): 2020.04.26.23:17:20 Progress: Parameterizing module otg_hpi_data
Info (12250): 2020.04.26.23:17:20 Progress: Adding otg_hpi_r [altera_avalon_pio 18.1]
Info (12250): 2020.04.26.23:17:20 Progress: Parameterizing module otg_hpi_r
Info (12250): 2020.04.26.23:17:20 Progress: Adding otg_hpi_reset [altera_avalon_pio 18.1]
Info (12250): 2020.04.26.23:17:20 Progress: Parameterizing module otg_hpi_reset
Info (12250): 2020.04.26.23:17:20 Progress: Adding otg_hpi_w [altera_avalon_pio 18.1]
Info (12250): 2020.04.26.23:17:20 Progress: Parameterizing module otg_hpi_w
Info (12250): 2020.04.26.23:17:20 Progress: Adding sdram [altera_avalon_new_sdram_controller 18.1]
Info (12250): 2020.04.26.23:17:20 Progress: Parameterizing module sdram
Info (12250): 2020.04.26.23:17:20 Progress: Adding sdram_pll [altpll 18.1]
Info (12250): 2020.04.26.23:17:21 Progress: Parameterizing module sdram_pll
Info (12250): 2020.04.26.23:17:21 Progress: Adding sysid_qsys_0 [altera_avalon_sysid_qsys 18.1]
Info (12250): 2020.04.26.23:17:21 Progress: Parameterizing module sysid_qsys_0
Info (12250): 2020.04.26.23:17:21 Progress: Building connections
Info (12250): 2020.04.26.23:17:21 Progress: Parameterizing connections
Info (12250): 2020.04.26.23:17:21 Progress: Validating
Info (12250): 2020.04.26.23:17:23 Progress: Done reading input file
Info (12250): Pacman.accumulator: PIO inputs are not hardwired in test bench. Undefined values will be read from PIO inputs during simulation.
Info (12250): Pacman.accumulator_reset: PIO inputs are not hardwired in test bench. Undefined values will be read from PIO inputs during simulation.
Info (12250): Pacman.jtag_uart_0: JTAG UART IP input clock need to be at least double (2x) the operating frequency of JTAG TCK on board
Info (12250): Pacman.otg_hpi_data: PIO inputs are not hardwired in test bench. Undefined values will be read from PIO inputs during simulation.
Info (12250): Pacman.sdram: SDRAM Controller will only be supported in Quartus Prime Standard Edition in the future release.
Info (12250): Pacman.sysid_qsys_0: System ID is not assigned automatically. Edit the System ID parameter to provide a unique ID
Info (12250): Pacman.sysid_qsys_0: Time stamp will be automatically updated when this component is generated.
Info (12250): Pacman: Generating pacman "pacman" for QUARTUS_SYNTH
Info (12250): Inserting clock-crossing logic between cmd_demux.src5 and cmd_mux_005.sink0
Info (12250): Inserting clock-crossing logic between cmd_demux_001.src4 and cmd_mux_005.sink1
Info (12250): Inserting clock-crossing logic between rsp_demux_005.src0 and rsp_mux.sink5
Info (12250): Inserting clock-crossing logic between rsp_demux_005.src1 and rsp_mux_001.sink4
Info (12250): Accumulator: Starting RTL generation for module 'pacman_accumulator'
Info (12250): Accumulator:   Generation command is [exec C:/intelfpga_lite/18.1/quartus/bin64/perl/bin/perl.exe -I C:/intelfpga_lite/18.1/quartus/bin64/perl/lib -I C:/intelfpga_lite/18.1/quartus/sopc_builder/bin/europa -I C:/intelfpga_lite/18.1/quartus/sopc_builder/bin/perl_lib -I C:/intelfpga_lite/18.1/quartus/sopc_builder/bin -I C:/intelfpga_lite/18.1/quartus/../ip/altera/sopc_builder_ip/common -I C:/intelfpga_lite/18.1/quartus/../ip/altera/sopc_builder_ip/altera_avalon_pio -- C:/intelfpga_lite/18.1/quartus/../ip/altera/sopc_builder_ip/altera_avalon_pio/generate_rtl.pl --name=pacman_accumulator --dir=C:/Users/ARINMA~1/AppData/Local/Temp/alt8378_1530441559445332125.dir/0002_accumulator_gen/ --quartus_dir=C:/intelfpga_lite/18.1/quartus --verilog --config=C:/Users/ARINMA~1/AppData/Local/Temp/alt8378_1530441559445332125.dir/0002_accumulator_gen//pacman_accumulator_component_configuration.pl  --do_build_sim=0  ]
Info (12250): Accumulator: Done RTL generation for module 'pacman_accumulator'
Info (12250): Accumulator: "pacman" instantiated altera_avalon_pio "accumulator"
Info (12250): Jtag_uart_0: Starting RTL generation for module 'pacman_jtag_uart_0'
Info (12250): Jtag_uart_0:   Generation command is [exec C:/intelfpga_lite/18.1/quartus/bin64/perl/bin/perl.exe -I C:/intelfpga_lite/18.1/quartus/bin64/perl/lib -I C:/intelfpga_lite/18.1/quartus/sopc_builder/bin/europa -I C:/intelfpga_lite/18.1/quartus/sopc_builder/bin/perl_lib -I C:/intelfpga_lite/18.1/quartus/sopc_builder/bin -I C:/intelfpga_lite/18.1/quartus/../ip/altera/sopc_builder_ip/common -I C:/intelfpga_lite/18.1/quartus/../ip/altera/sopc_builder_ip/altera_avalon_jtag_uart -- C:/intelfpga_lite/18.1/quartus/../ip/altera/sopc_builder_ip/altera_avalon_jtag_uart/generate_rtl.pl --name=pacman_jtag_uart_0 --dir=C:/Users/ARINMA~1/AppData/Local/Temp/alt8378_1530441559445332125.dir/0003_jtag_uart_0_gen/ --quartus_dir=C:/intelfpga_lite/18.1/quartus --verilog --config=C:/Users/ARINMA~1/AppData/Local/Temp/alt8378_1530441559445332125.dir/0003_jtag_uart_0_gen//pacman_jtag_uart_0_component_configuration.pl  --do_build_sim=0  ]
Info (12250): Jtag_uart_0: Done RTL generation for module 'pacman_jtag_uart_0'
Info (12250): Jtag_uart_0: "pacman" instantiated altera_avalon_jtag_uart "jtag_uart_0"
Info (12250): Keycode: Starting RTL generation for module 'pacman_keycode'
Info (12250): Keycode:   Generation command is [exec C:/intelfpga_lite/18.1/quartus/bin64/perl/bin/perl.exe -I C:/intelfpga_lite/18.1/quartus/bin64/perl/lib -I C:/intelfpga_lite/18.1/quartus/sopc_builder/bin/europa -I C:/intelfpga_lite/18.1/quartus/sopc_builder/bin/perl_lib -I C:/intelfpga_lite/18.1/quartus/sopc_builder/bin -I C:/intelfpga_lite/18.1/quartus/../ip/altera/sopc_builder_ip/common -I C:/intelfpga_lite/18.1/quartus/../ip/altera/sopc_builder_ip/altera_avalon_pio -- C:/intelfpga_lite/18.1/quartus/../ip/altera/sopc_builder_ip/altera_avalon_pio/generate_rtl.pl --name=pacman_keycode --dir=C:/Users/ARINMA~1/AppData/Local/Temp/alt8378_1530441559445332125.dir/0004_keycode_gen/ --quartus_dir=C:/intelfpga_lite/18.1/quartus --verilog --config=C:/Users/ARINMA~1/AppData/Local/Temp/alt8378_1530441559445332125.dir/0004_keycode_gen//pacman_keycode_component_configuration.pl  --do_build_sim=0  ]
Info (12250): Keycode: Done RTL generation for module 'pacman_keycode'
Info (12250): Keycode: "pacman" instantiated altera_avalon_pio "keycode"
Info (12250): Nios2_gen2_0: "pacman" instantiated altera_nios2_gen2 "nios2_gen2_0"
Info (12250): Onchip_memory2_0: Starting RTL generation for module 'pacman_onchip_memory2_0'
Info (12250): Onchip_memory2_0:   Generation command is [exec C:/intelfpga_lite/18.1/quartus/bin64/perl/bin/perl.exe -I C:/intelfpga_lite/18.1/quartus/bin64/perl/lib -I C:/intelfpga_lite/18.1/quartus/sopc_builder/bin/europa -I C:/intelfpga_lite/18.1/quartus/sopc_builder/bin/perl_lib -I C:/intelfpga_lite/18.1/quartus/sopc_builder/bin -I C:/intelfpga_lite/18.1/quartus/../ip/altera/sopc_builder_ip/common -I C:/intelfpga_lite/18.1/quartus/../ip/altera/sopc_builder_ip/altera_avalon_onchip_memory2 -- C:/intelfpga_lite/18.1/quartus/../ip/altera/sopc_builder_ip/altera_avalon_onchip_memory2/generate_rtl.pl --name=pacman_onchip_memory2_0 --dir=C:/Users/ARINMA~1/AppData/Local/Temp/alt8378_1530441559445332125.dir/0005_onchip_memory2_0_gen/ --quartus_dir=C:/intelfpga_lite/18.1/quartus --verilog --config=C:/Users/ARINMA~1/AppData/Local/Temp/alt8378_1530441559445332125.dir/0005_onchip_memory2_0_gen//pacman_onchip_memory2_0_component_configuration.pl  --do_build_sim=0  ]
Info (12250): Onchip_memory2_0: Done RTL generation for module 'pacman_onchip_memory2_0'
Info (12250): Onchip_memory2_0: "pacman" instantiated altera_avalon_onchip_memory2 "onchip_memory2_0"
Info (12250): Otg_hpi_address: Starting RTL generation for module 'pacman_otg_hpi_address'
Info (12250): Otg_hpi_address:   Generation command is [exec C:/intelfpga_lite/18.1/quartus/bin64/perl/bin/perl.exe -I C:/intelfpga_lite/18.1/quartus/bin64/perl/lib -I C:/intelfpga_lite/18.1/quartus/sopc_builder/bin/europa -I C:/intelfpga_lite/18.1/quartus/sopc_builder/bin/perl_lib -I C:/intelfpga_lite/18.1/quartus/sopc_builder/bin -I C:/intelfpga_lite/18.1/quartus/../ip/altera/sopc_builder_ip/common -I C:/intelfpga_lite/18.1/quartus/../ip/altera/sopc_builder_ip/altera_avalon_pio -- C:/intelfpga_lite/18.1/quartus/../ip/altera/sopc_builder_ip/altera_avalon_pio/generate_rtl.pl --name=pacman_otg_hpi_address --dir=C:/Users/ARINMA~1/AppData/Local/Temp/alt8378_1530441559445332125.dir/0006_otg_hpi_address_gen/ --quartus_dir=C:/intelfpga_lite/18.1/quartus --verilog --config=C:/Users/ARINMA~1/AppData/Local/Temp/alt8378_1530441559445332125.dir/0006_otg_hpi_address_gen//pacman_otg_hpi_address_component_configuration.pl  --do_build_sim=0  ]
Info (12250): Otg_hpi_address: Done RTL generation for module 'pacman_otg_hpi_address'
Info (12250): Otg_hpi_address: "pacman" instantiated altera_avalon_pio "otg_hpi_address"
Info (12250): Otg_hpi_cs: Starting RTL generation for module 'pacman_otg_hpi_cs'
Info (12250): Otg_hpi_cs:   Generation command is [exec C:/intelfpga_lite/18.1/quartus/bin64/perl/bin/perl.exe -I C:/intelfpga_lite/18.1/quartus/bin64/perl/lib -I C:/intelfpga_lite/18.1/quartus/sopc_builder/bin/europa -I C:/intelfpga_lite/18.1/quartus/sopc_builder/bin/perl_lib -I C:/intelfpga_lite/18.1/quartus/sopc_builder/bin -I C:/intelfpga_lite/18.1/quartus/../ip/altera/sopc_builder_ip/common -I C:/intelfpga_lite/18.1/quartus/../ip/altera/sopc_builder_ip/altera_avalon_pio -- C:/intelfpga_lite/18.1/quartus/../ip/altera/sopc_builder_ip/altera_avalon_pio/generate_rtl.pl --name=pacman_otg_hpi_cs --dir=C:/Users/ARINMA~1/AppData/Local/Temp/alt8378_1530441559445332125.dir/0007_otg_hpi_cs_gen/ --quartus_dir=C:/intelfpga_lite/18.1/quartus --verilog --config=C:/Users/ARINMA~1/AppData/Local/Temp/alt8378_1530441559445332125.dir/0007_otg_hpi_cs_gen//pacman_otg_hpi_cs_component_configuration.pl  --do_build_sim=0  ]
Info (12250): Otg_hpi_cs: Done RTL generation for module 'pacman_otg_hpi_cs'
Info (12250): Otg_hpi_cs: "pacman" instantiated altera_avalon_pio "otg_hpi_cs"
Info (12250): Otg_hpi_data: Starting RTL generation for module 'pacman_otg_hpi_data'
Info (12250): Otg_hpi_data:   Generation command is [exec C:/intelfpga_lite/18.1/quartus/bin64/perl/bin/perl.exe -I C:/intelfpga_lite/18.1/quartus/bin64/perl/lib -I C:/intelfpga_lite/18.1/quartus/sopc_builder/bin/europa -I C:/intelfpga_lite/18.1/quartus/sopc_builder/bin/perl_lib -I C:/intelfpga_lite/18.1/quartus/sopc_builder/bin -I C:/intelfpga_lite/18.1/quartus/../ip/altera/sopc_builder_ip/common -I C:/intelfpga_lite/18.1/quartus/../ip/altera/sopc_builder_ip/altera_avalon_pio -- C:/intelfpga_lite/18.1/quartus/../ip/altera/sopc_builder_ip/altera_avalon_pio/generate_rtl.pl --name=pacman_otg_hpi_data --dir=C:/Users/ARINMA~1/AppData/Local/Temp/alt8378_1530441559445332125.dir/0008_otg_hpi_data_gen/ --quartus_dir=C:/intelfpga_lite/18.1/quartus --verilog --config=C:/Users/ARINMA~1/AppData/Local/Temp/alt8378_1530441559445332125.dir/0008_otg_hpi_data_gen//pacman_otg_hpi_data_component_configuration.pl  --do_build_sim=0  ]
Info (12250): Otg_hpi_data: Done RTL generation for module 'pacman_otg_hpi_data'
Info (12250): Otg_hpi_data: "pacman" instantiated altera_avalon_pio "otg_hpi_data"
Info (12250): Sdram: Starting RTL generation for module 'pacman_sdram'
Info (12250): Sdram:   Generation command is [exec C:/intelfpga_lite/18.1/quartus/bin64/perl/bin/perl.exe -I C:/intelfpga_lite/18.1/quartus/bin64/perl/lib -I C:/intelfpga_lite/18.1/quartus/sopc_builder/bin/europa -I C:/intelfpga_lite/18.1/quartus/sopc_builder/bin/perl_lib -I C:/intelfpga_lite/18.1/quartus/sopc_builder/bin -I C:/intelfpga_lite/18.1/quartus/../ip/altera/sopc_builder_ip/common -I C:/intelfpga_lite/18.1/quartus/../ip/altera/sopc_builder_ip/altera_avalon_new_sdram_controller -- C:/intelfpga_lite/18.1/quartus/../ip/altera/sopc_builder_ip/altera_avalon_new_sdram_controller/generate_rtl.pl --name=pacman_sdram --dir=C:/Users/ARINMA~1/AppData/Local/Temp/alt8378_1530441559445332125.dir/0009_sdram_gen/ --quartus_dir=C:/intelfpga_lite/18.1/quartus --verilog --config=C:/Users/ARINMA~1/AppData/Local/Temp/alt8378_1530441559445332125.dir/0009_sdram_gen//pacman_sdram_component_configuration.pl  --do_build_sim=0  ]
Info (12250): Sdram: Done RTL generation for module 'pacman_sdram'
Info (12250): Sdram: "pacman" instantiated altera_avalon_new_sdram_controller "sdram"
Info (12250): Sdram_pll: "pacman" instantiated altpll "sdram_pll"
Info (12250): Sysid_qsys_0: "pacman" instantiated altera_avalon_sysid_qsys "sysid_qsys_0"
Info (12250): Avalon_st_adapter: Inserting error_adapter: error_adapter_0
Info (12250): Avalon_st_adapter_001: Inserting error_adapter: error_adapter_0
Info (12250): Avalon_st_adapter_002: Inserting error_adapter: error_adapter_0
Info (12250): Avalon_st_adapter_003: Inserting error_adapter: error_adapter_0
Info (12250): Avalon_st_adapter_004: Inserting error_adapter: error_adapter_0
Info (12250): Avalon_st_adapter_005: Inserting error_adapter: error_adapter_0
Info (12250): Avalon_st_adapter_006: Inserting error_adapter: error_adapter_0
Info (12250): Avalon_st_adapter_007: Inserting error_adapter: error_adapter_0
Info (12250): Avalon_st_adapter_008: Inserting error_adapter: error_adapter_0
Info (12250): Avalon_st_adapter_009: Inserting error_adapter: error_adapter_0
Info (12250): Avalon_st_adapter_010: Inserting error_adapter: error_adapter_0
Info (12250): Avalon_st_adapter_011: Inserting error_adapter: error_adapter_0
Info (12250): Avalon_st_adapter_012: Inserting error_adapter: error_adapter_0
Info (12250): Avalon_st_adapter_013: Inserting error_adapter: error_adapter_0
Info (12250): Avalon_st_adapter_014: Inserting error_adapter: error_adapter_0
Info (12250): Mm_interconnect_0: "pacman" instantiated altera_mm_interconnect "mm_interconnect_0"
Info (12250): Irq_mapper: "pacman" instantiated altera_irq_mapper "irq_mapper"
Info (12250): Rst_controller: "pacman" instantiated altera_reset_controller "rst_controller"
Info (12250): Cpu: Starting RTL generation for module 'pacman_nios2_gen2_0_cpu'
Info (12250): Cpu:   Generation command is [exec C:/intelFPGA_lite/18.1/quartus/bin64//eperlcmd.exe -I C:/intelFPGA_lite/18.1/quartus/bin64//perl/lib -I C:/intelfpga_lite/18.1/quartus/sopc_builder/bin/europa -I C:/intelfpga_lite/18.1/quartus/sopc_builder/bin/perl_lib -I C:/intelfpga_lite/18.1/quartus/sopc_builder/bin -I C:/intelfpga_lite/18.1/quartus/../ip/altera/nios2_ip/altera_nios2_gen2/cpu_lib -I C:/intelfpga_lite/18.1/quartus/../ip/altera/nios2_ip/altera_nios2_gen2/nios_lib -I C:/intelfpga_lite/18.1/quartus/../ip/altera/nios2_ip/altera_nios2_gen2 -I C:/intelfpga_lite/18.1/quartus/../ip/altera/nios2_ip/altera_nios2_gen2 -- C:/intelfpga_lite/18.1/quartus/../ip/altera/nios2_ip/altera_nios2_gen2/generate_rtl.epl --name=pacman_nios2_gen2_0_cpu --dir=C:/Users/ARINMA~1/AppData/Local/Temp/alt8378_1530441559445332125.dir/0015_cpu_gen/ --quartus_bindir=C:/intelFPGA_lite/18.1/quartus/bin64/ --verilog --config=C:/Users/ARINMA~1/AppData/Local/Temp/alt8378_1530441559445332125.dir/0015_cpu_gen//pacman_nios2_gen2_0_cpu_processor_configuration.pl  --do_build_sim=0  ]
Info (12250): Cpu: # 2020.04.26 23:18:02 (*) Starting Nios II generation
Info (12250): Cpu: # 2020.04.26 23:18:02 (*)   Checking for plaintext license.
Info (12250): Cpu: # 2020.04.26 23:18:03 (*)   Couldn't query license setup in Quartus directory C:/intelFPGA_lite/18.1/quartus/bin64/
Info (12250): Cpu: # 2020.04.26 23:18:03 (*)   Defaulting to contents of LM_LICENSE_FILE environment variable
Info (12250): Cpu: # 2020.04.26 23:18:03 (*)   LM_LICENSE_FILE environment variable is empty
Info (12250): Cpu: # 2020.04.26 23:18:03 (*)   Plaintext license not found.
Info (12250): Cpu: # 2020.04.26 23:18:03 (*)   No license required to generate encrypted Nios II/e.
Info (12250): Cpu: # 2020.04.26 23:18:03 (*)   Elaborating CPU configuration settings
Info (12250): Cpu: # 2020.04.26 23:18:04 (*)   Creating all objects for CPU
Info (12250): Cpu: # 2020.04.26 23:18:06 (*)   Generating RTL from CPU objects
Info (12250): Cpu: # 2020.04.26 23:18:06 (*)   Creating plain-text RTL
Info (12250): Cpu: # 2020.04.26 23:18:07 (*) Done Nios II generation
Info (12250): Cpu: Done RTL generation for module 'pacman_nios2_gen2_0_cpu'
Info (12250): Cpu: "nios2_gen2_0" instantiated altera_nios2_gen2_unit "cpu"
Info (12250): Nios2_gen2_0_data_master_translator: "mm_interconnect_0" instantiated altera_merlin_master_translator "nios2_gen2_0_data_master_translator"
Info (12250): Jtag_uart_0_avalon_jtag_slave_translator: "mm_interconnect_0" instantiated altera_merlin_slave_translator "jtag_uart_0_avalon_jtag_slave_translator"
Info (12250): Nios2_gen2_0_data_master_agent: "mm_interconnect_0" instantiated altera_merlin_master_agent "nios2_gen2_0_data_master_agent"
Info (12250): Jtag_uart_0_avalon_jtag_slave_agent: "mm_interconnect_0" instantiated altera_merlin_slave_agent "jtag_uart_0_avalon_jtag_slave_agent"
Info (12250): Jtag_uart_0_avalon_jtag_slave_agent_rsp_fifo: "mm_interconnect_0" instantiated altera_avalon_sc_fifo "jtag_uart_0_avalon_jtag_slave_agent_rsp_fifo"
Info (12250): Router: "mm_interconnect_0" instantiated altera_merlin_router "router"
Info (12250): Router_001: "mm_interconnect_0" instantiated altera_merlin_router "router_001"
Info (12250): Router_002: "mm_interconnect_0" instantiated altera_merlin_router "router_002"
Info (12250): Router_003: "mm_interconnect_0" instantiated altera_merlin_router "router_003"
Info (12250): Cmd_demux: "mm_interconnect_0" instantiated altera_merlin_demultiplexer "cmd_demux"
Info (12250): Cmd_demux_001: "mm_interconnect_0" instantiated altera_merlin_demultiplexer "cmd_demux_001"
Info (12250): Cmd_mux: "mm_interconnect_0" instantiated altera_merlin_multiplexer "cmd_mux"
Info (12250): Cmd_mux_001: "mm_interconnect_0" instantiated altera_merlin_multiplexer "cmd_mux_001"
Info (12250): Reusing file C:/Pac-man/db/ip/pacman/submodules/altera_merlin_arbitrator.sv
Info (12250): Rsp_demux: "mm_interconnect_0" instantiated altera_merlin_demultiplexer "rsp_demux"
Info (12250): Rsp_demux_001: "mm_interconnect_0" instantiated altera_merlin_demultiplexer "rsp_demux_001"
Info (12250): Rsp_mux: "mm_interconnect_0" instantiated altera_merlin_multiplexer "rsp_mux"
Info (12250): Reusing file C:/Pac-man/db/ip/pacman/submodules/altera_merlin_arbitrator.sv
Info (12250): Rsp_mux_001: "mm_interconnect_0" instantiated altera_merlin_multiplexer "rsp_mux_001"
Info (12250): Reusing file C:/Pac-man/db/ip/pacman/submodules/altera_merlin_arbitrator.sv
Info (12250): Crosser: "mm_interconnect_0" instantiated altera_avalon_st_handshake_clock_crosser "crosser"
Info (12250): Avalon_st_adapter: "mm_interconnect_0" instantiated altera_avalon_st_adapter "avalon_st_adapter"
Info (12250): Error_adapter_0: "avalon_st_adapter" instantiated error_adapter "error_adapter_0"
Info (12250): Pacman: Done "pacman" with 36 modules, 53 files
Info (12249): Finished elaborating Platform Designer system entity "pacman.qsys"
Info (12021): Found 1 design units, including 1 entities, in source file vga_controller.sv
    Info (12023): Found entity 1: VGA_controller File: C:/Pac-man/VGA_controller.sv Line: 26
Info (12021): Found 1 design units, including 1 entities, in source file hpi_io_intf.sv
    Info (12023): Found entity 1: hpi_io_intf File: C:/Pac-man/hpi_io_intf.sv Line: 2
Info (12021): Found 1 design units, including 1 entities, in source file color_mapper.sv
    Info (12023): Found entity 1: color_mapper File: C:/Pac-man/Color_Mapper.sv Line: 17
Info (12021): Found 1 design units, including 1 entities, in source file character.sv
    Info (12023): Found entity 1: ball File: C:/Pac-man/character.sv Line: 17
Error (10170): Verilog HDL syntax error at coins.sv(3) near text: "end"; "end" without "begin" . Check for and fix any syntax errors that appear immediately before or at the specified keyword. The Intel FPGA Knowledge Database contains many articles with specific details on how to resolve this error. Visit the Knowledge Database at https://www.altera.com/support/support-resources/knowledge-base/search.html and search for this specific error message number. File: C:/Pac-man/coins.sv Line: 3
Error (10170): Verilog HDL syntax error at coins.sv(3) near text: "module";  expecting ";". Check for and fix any syntax errors that appear immediately before or at the specified keyword. The Intel FPGA Knowledge Database contains many articles with specific details on how to resolve this error. Visit the Knowledge Database at https://www.altera.com/support/support-resources/knowledge-base/search.html and search for this specific error message number. File: C:/Pac-man/coins.sv Line: 3
Info (12021): Found 0 design units, including 0 entities, in source file coins.sv
Error (10170): Verilog HDL syntax error at map.sv(3) near text: "end"; "end" without "begin" . Check for and fix any syntax errors that appear immediately before or at the specified keyword. The Intel FPGA Knowledge Database contains many articles with specific details on how to resolve this error. Visit the Knowledge Database at https://www.altera.com/support/support-resources/knowledge-base/search.html and search for this specific error message number. File: C:/Pac-man/map.sv Line: 3
Error (10170): Verilog HDL syntax error at map.sv(3) near text: "module";  expecting ";". Check for and fix any syntax errors that appear immediately before or at the specified keyword. The Intel FPGA Knowledge Database contains many articles with specific details on how to resolve this error. Visit the Knowledge Database at https://www.altera.com/support/support-resources/knowledge-base/search.html and search for this specific error message number. File: C:/Pac-man/map.sv Line: 3
Info (12021): Found 0 design units, including 0 entities, in source file map.sv
Error (10170): Verilog HDL syntax error at Pacman_top.sv(3) near text: "end"; "end" without "begin" . Check for and fix any syntax errors that appear immediately before or at the specified keyword. The Intel FPGA Knowledge Database contains many articles with specific details on how to resolve this error. Visit the Knowledge Database at https://www.altera.com/support/support-resources/knowledge-base/search.html and search for this specific error message number. File: C:/Pac-man/Pacman_top.sv Line: 3
Error (10170): Verilog HDL syntax error at Pacman_top.sv(3) near text: "module";  expecting ";". Check for and fix any syntax errors that appear immediately before or at the specified keyword. The Intel FPGA Knowledge Database contains many articles with specific details on how to resolve this error. Visit the Knowledge Database at https://www.altera.com/support/support-resources/knowledge-base/search.html and search for this specific error message number. File: C:/Pac-man/Pacman_top.sv Line: 3
Info (12021): Found 0 design units, including 0 entities, in source file pacman_top.sv
Info (12021): Found 1 design units, including 1 entities, in source file db/ip/pacman/pacman.v
    Info (12023): Found entity 1: pacman File: C:/Pac-man/db/ip/pacman/pacman.v Line: 6
Info (12021): Found 1 design units, including 1 entities, in source file db/ip/pacman/submodules/altera_avalon_sc_fifo.v
    Info (12023): Found entity 1: altera_avalon_sc_fifo File: C:/Pac-man/db/ip/pacman/submodules/altera_avalon_sc_fifo.v Line: 21
Info (12021): Found 1 design units, including 1 entities, in source file db/ip/pacman/submodules/altera_avalon_st_clock_crosser.v
    Info (12023): Found entity 1: altera_avalon_st_clock_crosser File: C:/Pac-man/db/ip/pacman/submodules/altera_avalon_st_clock_crosser.v Line: 22
Info (12021): Found 1 design units, including 1 entities, in source file db/ip/pacman/submodules/altera_avalon_st_handshake_clock_crosser.v
    Info (12023): Found entity 1: altera_avalon_st_handshake_clock_crosser File: C:/Pac-man/db/ip/pacman/submodules/altera_avalon_st_handshake_clock_crosser.v Line: 24
Info (12021): Found 1 design units, including 1 entities, in source file db/ip/pacman/submodules/altera_avalon_st_pipeline_base.v
    Info (12023): Found entity 1: altera_avalon_st_pipeline_base File: C:/Pac-man/db/ip/pacman/submodules/altera_avalon_st_pipeline_base.v Line: 22
Info (12021): Found 2 design units, including 2 entities, in source file db/ip/pacman/submodules/altera_merlin_arbitrator.sv
    Info (12023): Found entity 1: altera_merlin_arbitrator File: C:/Pac-man/db/ip/pacman/submodules/altera_merlin_arbitrator.sv Line: 103
    Info (12023): Found entity 2: altera_merlin_arb_adder File: C:/Pac-man/db/ip/pacman/submodules/altera_merlin_arbitrator.sv Line: 228
Info (12021): Found 1 design units, including 1 entities, in source file db/ip/pacman/submodules/altera_merlin_burst_uncompressor.sv
    Info (12023): Found entity 1: altera_merlin_burst_uncompressor File: C:/Pac-man/db/ip/pacman/submodules/altera_merlin_burst_uncompressor.sv Line: 40
Info (12021): Found 1 design units, including 1 entities, in source file db/ip/pacman/submodules/altera_merlin_master_agent.sv
    Info (12023): Found entity 1: altera_merlin_master_agent File: C:/Pac-man/db/ip/pacman/submodules/altera_merlin_master_agent.sv Line: 28
Info (12021): Found 1 design units, including 1 entities, in source file db/ip/pacman/submodules/altera_merlin_master_translator.sv
    Info (12023): Found entity 1: altera_merlin_master_translator File: C:/Pac-man/db/ip/pacman/submodules/altera_merlin_master_translator.sv Line: 32
Info (12021): Found 1 design units, including 1 entities, in source file db/ip/pacman/submodules/altera_merlin_slave_agent.sv
    Info (12023): Found entity 1: altera_merlin_slave_agent File: C:/Pac-man/db/ip/pacman/submodules/altera_merlin_slave_agent.sv Line: 34
Info (12021): Found 1 design units, including 1 entities, in source file db/ip/pacman/submodules/altera_merlin_slave_translator.sv
    Info (12023): Found entity 1: altera_merlin_slave_translator File: C:/Pac-man/db/ip/pacman/submodules/altera_merlin_slave_translator.sv Line: 35
Info (12021): Found 1 design units, including 1 entities, in source file db/ip/pacman/submodules/altera_reset_controller.v
    Info (12023): Found entity 1: altera_reset_controller File: C:/Pac-man/db/ip/pacman/submodules/altera_reset_controller.v Line: 42
Info (12021): Found 1 design units, including 1 entities, in source file db/ip/pacman/submodules/altera_reset_synchronizer.v
    Info (12023): Found entity 1: altera_reset_synchronizer File: C:/Pac-man/db/ip/pacman/submodules/altera_reset_synchronizer.v Line: 24
Info (12021): Found 1 design units, including 1 entities, in source file db/ip/pacman/submodules/altera_std_synchronizer_nocut.v
    Info (12023): Found entity 1: altera_std_synchronizer_nocut File: C:/Pac-man/db/ip/pacman/submodules/altera_std_synchronizer_nocut.v Line: 44
Info (12021): Found 1 design units, including 1 entities, in source file db/ip/pacman/submodules/pacman_accumulator.v
    Info (12023): Found entity 1: pacman_accumulator File: C:/Pac-man/db/ip/pacman/submodules/pacman_accumulator.v Line: 21
Info (12021): Found 1 design units, including 1 entities, in source file db/ip/pacman/submodules/pacman_irq_mapper.sv
    Info (12023): Found entity 1: pacman_irq_mapper File: C:/Pac-man/db/ip/pacman/submodules/pacman_irq_mapper.sv Line: 31
Info (12021): Found 5 design units, including 5 entities, in source file db/ip/pacman/submodules/pacman_jtag_uart_0.v
    Info (12023): Found entity 1: pacman_jtag_uart_0_sim_scfifo_w File: C:/Pac-man/db/ip/pacman/submodules/pacman_jtag_uart_0.v Line: 21
    Info (12023): Found entity 2: pacman_jtag_uart_0_scfifo_w File: C:/Pac-man/db/ip/pacman/submodules/pacman_jtag_uart_0.v Line: 78
    Info (12023): Found entity 3: pacman_jtag_uart_0_sim_scfifo_r File: C:/Pac-man/db/ip/pacman/submodules/pacman_jtag_uart_0.v Line: 164
    Info (12023): Found entity 4: pacman_jtag_uart_0_scfifo_r File: C:/Pac-man/db/ip/pacman/submodules/pacman_jtag_uart_0.v Line: 243
    Info (12023): Found entity 5: pacman_jtag_uart_0 File: C:/Pac-man/db/ip/pacman/submodules/pacman_jtag_uart_0.v Line: 331
Info (12021): Found 1 design units, including 1 entities, in source file db/ip/pacman/submodules/pacman_keycode.v
    Info (12023): Found entity 1: pacman_keycode File: C:/Pac-man/db/ip/pacman/submodules/pacman_keycode.v Line: 21
Info (12021): Found 1 design units, including 1 entities, in source file db/ip/pacman/submodules/pacman_mm_interconnect_0.v
    Info (12023): Found entity 1: pacman_mm_interconnect_0 File: C:/Pac-man/db/ip/pacman/submodules/pacman_mm_interconnect_0.v Line: 9
Info (12021): Found 1 design units, including 1 entities, in source file db/ip/pacman/submodules/pacman_mm_interconnect_0_avalon_st_adapter.v
    Info (12023): Found entity 1: pacman_mm_interconnect_0_avalon_st_adapter File: C:/Pac-man/db/ip/pacman/submodules/pacman_mm_interconnect_0_avalon_st_adapter.v Line: 9
Info (12021): Found 1 design units, including 1 entities, in source file db/ip/pacman/submodules/pacman_mm_interconnect_0_avalon_st_adapter_error_adapter_0.sv
    Info (12023): Found entity 1: pacman_mm_interconnect_0_avalon_st_adapter_error_adapter_0 File: C:/Pac-man/db/ip/pacman/submodules/pacman_mm_interconnect_0_avalon_st_adapter_error_adapter_0.sv Line: 66
Info (12021): Found 1 design units, including 1 entities, in source file db/ip/pacman/submodules/pacman_mm_interconnect_0_cmd_demux.sv
    Info (12023): Found entity 1: pacman_mm_interconnect_0_cmd_demux File: C:/Pac-man/db/ip/pacman/submodules/pacman_mm_interconnect_0_cmd_demux.sv Line: 43
Info (12021): Found 1 design units, including 1 entities, in source file db/ip/pacman/submodules/pacman_mm_interconnect_0_cmd_demux_001.sv
    Info (12023): Found entity 1: pacman_mm_interconnect_0_cmd_demux_001 File: C:/Pac-man/db/ip/pacman/submodules/pacman_mm_interconnect_0_cmd_demux_001.sv Line: 43
Info (12021): Found 1 design units, including 1 entities, in source file db/ip/pacman/submodules/pacman_mm_interconnect_0_cmd_mux.sv
    Info (12023): Found entity 1: pacman_mm_interconnect_0_cmd_mux File: C:/Pac-man/db/ip/pacman/submodules/pacman_mm_interconnect_0_cmd_mux.sv Line: 51
Info (12021): Found 1 design units, including 1 entities, in source file db/ip/pacman/submodules/pacman_mm_interconnect_0_cmd_mux_001.sv
    Info (12023): Found entity 1: pacman_mm_interconnect_0_cmd_mux_001 File: C:/Pac-man/db/ip/pacman/submodules/pacman_mm_interconnect_0_cmd_mux_001.sv Line: 51
Info (12021): Found 2 design units, including 2 entities, in source file db/ip/pacman/submodules/pacman_mm_interconnect_0_router.sv
    Info (12023): Found entity 1: pacman_mm_interconnect_0_router_default_decode File: C:/Pac-man/db/ip/pacman/submodules/pacman_mm_interconnect_0_router.sv Line: 45
    Info (12023): Found entity 2: pacman_mm_interconnect_0_router File: C:/Pac-man/db/ip/pacman/submodules/pacman_mm_interconnect_0_router.sv Line: 84
Info (12021): Found 2 design units, including 2 entities, in source file db/ip/pacman/submodules/pacman_mm_interconnect_0_router_001.sv
    Info (12023): Found entity 1: pacman_mm_interconnect_0_router_001_default_decode File: C:/Pac-man/db/ip/pacman/submodules/pacman_mm_interconnect_0_router_001.sv Line: 45
    Info (12023): Found entity 2: pacman_mm_interconnect_0_router_001 File: C:/Pac-man/db/ip/pacman/submodules/pacman_mm_interconnect_0_router_001.sv Line: 84
Info (12021): Found 2 design units, including 2 entities, in source file db/ip/pacman/submodules/pacman_mm_interconnect_0_router_002.sv
    Info (12023): Found entity 1: pacman_mm_interconnect_0_router_002_default_decode File: C:/Pac-man/db/ip/pacman/submodules/pacman_mm_interconnect_0_router_002.sv Line: 45
    Info (12023): Found entity 2: pacman_mm_interconnect_0_router_002 File: C:/Pac-man/db/ip/pacman/submodules/pacman_mm_interconnect_0_router_002.sv Line: 84
Info (12021): Found 2 design units, including 2 entities, in source file db/ip/pacman/submodules/pacman_mm_interconnect_0_router_003.sv
    Info (12023): Found entity 1: pacman_mm_interconnect_0_router_003_default_decode File: C:/Pac-man/db/ip/pacman/submodules/pacman_mm_interconnect_0_router_003.sv Line: 45
    Info (12023): Found entity 2: pacman_mm_interconnect_0_router_003 File: C:/Pac-man/db/ip/pacman/submodules/pacman_mm_interconnect_0_router_003.sv Line: 84
Info (12021): Found 1 design units, including 1 entities, in source file db/ip/pacman/submodules/pacman_mm_interconnect_0_rsp_demux.sv
    Info (12023): Found entity 1: pacman_mm_interconnect_0_rsp_demux File: C:/Pac-man/db/ip/pacman/submodules/pacman_mm_interconnect_0_rsp_demux.sv Line: 43
Info (12021): Found 1 design units, including 1 entities, in source file db/ip/pacman/submodules/pacman_mm_interconnect_0_rsp_demux_001.sv
    Info (12023): Found entity 1: pacman_mm_interconnect_0_rsp_demux_001 File: C:/Pac-man/db/ip/pacman/submodules/pacman_mm_interconnect_0_rsp_demux_001.sv Line: 43
Info (12021): Found 1 design units, including 1 entities, in source file db/ip/pacman/submodules/pacman_mm_interconnect_0_rsp_mux.sv
    Info (12023): Found entity 1: pacman_mm_interconnect_0_rsp_mux File: C:/Pac-man/db/ip/pacman/submodules/pacman_mm_interconnect_0_rsp_mux.sv Line: 51
Info (12021): Found 1 design units, including 1 entities, in source file db/ip/pacman/submodules/pacman_mm_interconnect_0_rsp_mux_001.sv
    Info (12023): Found entity 1: pacman_mm_interconnect_0_rsp_mux_001 File: C:/Pac-man/db/ip/pacman/submodules/pacman_mm_interconnect_0_rsp_mux_001.sv Line: 51
Info (12021): Found 1 design units, including 1 entities, in source file db/ip/pacman/submodules/pacman_nios2_gen2_0.v
    Info (12023): Found entity 1: pacman_nios2_gen2_0 File: C:/Pac-man/db/ip/pacman/submodules/pacman_nios2_gen2_0.v Line: 9
Info (12021): Found 21 design units, including 21 entities, in source file db/ip/pacman/submodules/pacman_nios2_gen2_0_cpu.v
    Info (12023): Found entity 1: pacman_nios2_gen2_0_cpu_register_bank_a_module File: C:/Pac-man/db/ip/pacman/submodules/pacman_nios2_gen2_0_cpu.v Line: 21
    Info (12023): Found entity 2: pacman_nios2_gen2_0_cpu_register_bank_b_module File: C:/Pac-man/db/ip/pacman/submodules/pacman_nios2_gen2_0_cpu.v Line: 87
    Info (12023): Found entity 3: pacman_nios2_gen2_0_cpu_nios2_oci_debug File: C:/Pac-man/db/ip/pacman/submodules/pacman_nios2_gen2_0_cpu.v Line: 153
    Info (12023): Found entity 4: pacman_nios2_gen2_0_cpu_nios2_oci_break File: C:/Pac-man/db/ip/pacman/submodules/pacman_nios2_gen2_0_cpu.v Line: 295
    Info (12023): Found entity 5: pacman_nios2_gen2_0_cpu_nios2_oci_xbrk File: C:/Pac-man/db/ip/pacman/submodules/pacman_nios2_gen2_0_cpu.v Line: 588
    Info (12023): Found entity 6: pacman_nios2_gen2_0_cpu_nios2_oci_dbrk File: C:/Pac-man/db/ip/pacman/submodules/pacman_nios2_gen2_0_cpu.v Line: 795
    Info (12023): Found entity 7: pacman_nios2_gen2_0_cpu_nios2_oci_itrace File: C:/Pac-man/db/ip/pacman/submodules/pacman_nios2_gen2_0_cpu.v Line: 982
    Info (12023): Found entity 8: pacman_nios2_gen2_0_cpu_nios2_oci_td_mode File: C:/Pac-man/db/ip/pacman/submodules/pacman_nios2_gen2_0_cpu.v Line: 1115
    Info (12023): Found entity 9: pacman_nios2_gen2_0_cpu_nios2_oci_dtrace File: C:/Pac-man/db/ip/pacman/submodules/pacman_nios2_gen2_0_cpu.v Line: 1183
    Info (12023): Found entity 10: pacman_nios2_gen2_0_cpu_nios2_oci_compute_input_tm_cnt File: C:/Pac-man/db/ip/pacman/submodules/pacman_nios2_gen2_0_cpu.v Line: 1265
    Info (12023): Found entity 11: pacman_nios2_gen2_0_cpu_nios2_oci_fifo_wrptr_inc File: C:/Pac-man/db/ip/pacman/submodules/pacman_nios2_gen2_0_cpu.v Line: 1337
    Info (12023): Found entity 12: pacman_nios2_gen2_0_cpu_nios2_oci_fifo_cnt_inc File: C:/Pac-man/db/ip/pacman/submodules/pacman_nios2_gen2_0_cpu.v Line: 1380
    Info (12023): Found entity 13: pacman_nios2_gen2_0_cpu_nios2_oci_fifo File: C:/Pac-man/db/ip/pacman/submodules/pacman_nios2_gen2_0_cpu.v Line: 1427
    Info (12023): Found entity 14: pacman_nios2_gen2_0_cpu_nios2_oci_pib File: C:/Pac-man/db/ip/pacman/submodules/pacman_nios2_gen2_0_cpu.v Line: 1913
    Info (12023): Found entity 15: pacman_nios2_gen2_0_cpu_nios2_oci_im File: C:/Pac-man/db/ip/pacman/submodules/pacman_nios2_gen2_0_cpu.v Line: 1936
    Info (12023): Found entity 16: pacman_nios2_gen2_0_cpu_nios2_performance_monitors File: C:/Pac-man/db/ip/pacman/submodules/pacman_nios2_gen2_0_cpu.v Line: 2006
    Info (12023): Found entity 17: pacman_nios2_gen2_0_cpu_nios2_avalon_reg File: C:/Pac-man/db/ip/pacman/submodules/pacman_nios2_gen2_0_cpu.v Line: 2023
    Info (12023): Found entity 18: pacman_nios2_gen2_0_cpu_ociram_sp_ram_module File: C:/Pac-man/db/ip/pacman/submodules/pacman_nios2_gen2_0_cpu.v Line: 2116
    Info (12023): Found entity 19: pacman_nios2_gen2_0_cpu_nios2_ocimem File: C:/Pac-man/db/ip/pacman/submodules/pacman_nios2_gen2_0_cpu.v Line: 2181
    Info (12023): Found entity 20: pacman_nios2_gen2_0_cpu_nios2_oci File: C:/Pac-man/db/ip/pacman/submodules/pacman_nios2_gen2_0_cpu.v Line: 2362
    Info (12023): Found entity 21: pacman_nios2_gen2_0_cpu File: C:/Pac-man/db/ip/pacman/submodules/pacman_nios2_gen2_0_cpu.v Line: 2834
Info (12021): Found 1 design units, including 1 entities, in source file db/ip/pacman/submodules/pacman_nios2_gen2_0_cpu_debug_slave_sysclk.v
    Info (12023): Found entity 1: pacman_nios2_gen2_0_cpu_debug_slave_sysclk File: C:/Pac-man/db/ip/pacman/submodules/pacman_nios2_gen2_0_cpu_debug_slave_sysclk.v Line: 21
Info (12021): Found 1 design units, including 1 entities, in source file db/ip/pacman/submodules/pacman_nios2_gen2_0_cpu_debug_slave_tck.v
    Info (12023): Found entity 1: pacman_nios2_gen2_0_cpu_debug_slave_tck File: C:/Pac-man/db/ip/pacman/submodules/pacman_nios2_gen2_0_cpu_debug_slave_tck.v Line: 21
Info (12021): Found 1 design units, including 1 entities, in source file db/ip/pacman/submodules/pacman_nios2_gen2_0_cpu_debug_slave_wrapper.v
    Info (12023): Found entity 1: pacman_nios2_gen2_0_cpu_debug_slave_wrapper File: C:/Pac-man/db/ip/pacman/submodules/pacman_nios2_gen2_0_cpu_debug_slave_wrapper.v Line: 21
Info (12021): Found 1 design units, including 1 entities, in source file db/ip/pacman/submodules/pacman_nios2_gen2_0_cpu_test_bench.v
    Info (12023): Found entity 1: pacman_nios2_gen2_0_cpu_test_bench File: C:/Pac-man/db/ip/pacman/submodules/pacman_nios2_gen2_0_cpu_test_bench.v Line: 21
Info (12021): Found 1 design units, including 1 entities, in source file db/ip/pacman/submodules/pacman_onchip_memory2_0.v
    Info (12023): Found entity 1: pacman_onchip_memory2_0 File: C:/Pac-man/db/ip/pacman/submodules/pacman_onchip_memory2_0.v Line: 21
Info (12021): Found 1 design units, including 1 entities, in source file db/ip/pacman/submodules/pacman_otg_hpi_address.v
    Info (12023): Found entity 1: pacman_otg_hpi_address File: C:/Pac-man/db/ip/pacman/submodules/pacman_otg_hpi_address.v Line: 21
Info (12021): Found 1 design units, including 1 entities, in source file db/ip/pacman/submodules/pacman_otg_hpi_cs.v
    Info (12023): Found entity 1: pacman_otg_hpi_cs File: C:/Pac-man/db/ip/pacman/submodules/pacman_otg_hpi_cs.v Line: 21
Info (12021): Found 1 design units, including 1 entities, in source file db/ip/pacman/submodules/pacman_otg_hpi_data.v
    Info (12023): Found entity 1: pacman_otg_hpi_data File: C:/Pac-man/db/ip/pacman/submodules/pacman_otg_hpi_data.v Line: 21
Info (12021): Found 2 design units, including 2 entities, in source file db/ip/pacman/submodules/pacman_sdram.v
    Info (12023): Found entity 1: pacman_sdram_input_efifo_module File: C:/Pac-man/db/ip/pacman/submodules/pacman_sdram.v Line: 21
    Info (12023): Found entity 2: pacman_sdram File: C:/Pac-man/db/ip/pacman/submodules/pacman_sdram.v Line: 159
Info (12021): Found 4 design units, including 4 entities, in source file db/ip/pacman/submodules/pacman_sdram_pll.v
    Info (12023): Found entity 1: pacman_sdram_pll_dffpipe_l2c File: C:/Pac-man/db/ip/pacman/submodules/pacman_sdram_pll.v Line: 37
    Info (12023): Found entity 2: pacman_sdram_pll_stdsync_sv6 File: C:/Pac-man/db/ip/pacman/submodules/pacman_sdram_pll.v Line: 98
    Info (12023): Found entity 3: pacman_sdram_pll_altpll_lqa2 File: C:/Pac-man/db/ip/pacman/submodules/pacman_sdram_pll.v Line: 130
    Info (12023): Found entity 4: pacman_sdram_pll File: C:/Pac-man/db/ip/pacman/submodules/pacman_sdram_pll.v Line: 217
Info (12021): Found 1 design units, including 1 entities, in source file db/ip/pacman/submodules/pacman_sysid_qsys_0.v
    Info (12023): Found entity 1: pacman_sysid_qsys_0 File: C:/Pac-man/db/ip/pacman/submodules/pacman_sysid_qsys_0.v Line: 34
Info (144001): Generated suppressed messages file C:/Pac-man/output_files/Pac-man.map.smsg
Error: Quartus Prime Analysis & Synthesis was unsuccessful. 6 errors, 1 warning
    Error: Peak virtual memory: 4731 megabytes
    Error: Processing ended: Sun Apr 26 23:18:12 2020
    Error: Elapsed time: 00:01:15
    Error: Total CPU time (on all processors): 00:01:52


+------------------------------------------+
; Analysis & Synthesis Suppressed Messages ;
+------------------------------------------+
The suppressed messages can be found in C:/Pac-man/output_files/Pac-man.map.smsg.


